Embedding维度验证：512

初始化数据...
['1', '可提供20吨小麦', '可提供20吨小麦可提供20吨小麦可提供20吨小麦', '农产品', '张先生', '13200000001', '湖北省咸宁市', '2025-03-19']
['2', '供给主粮-农产品', '供给主粮-农产品供给主粮-农产品供给主粮-农产品', '农产品', '王先生', '13200000002', '湖北省潜江市', '2025-04-10']
['3', '小米500公斤', '售小米500公斤，黄金小米，品质优良，价格4元每斤。', '农产品', '赵先生', '13200000003', '湖北省武汉市', '2025-05-12']
['4', '水稻种子荆占1号', '提供优质水稻种子，荆占1号，共100斤，下单当日可发快递。地址：武汉市东西湖区张柏路西100米。价格面议，需求从速。', '农产品', '钱先生', '13200000004', '湖北省荆门市', '2025-06-09']
['5', '销售一批化肥农药', '售一批化肥农药。有氮磷钾均衡性复合肥，生物有机肥，磷酸二氢钾。农药类型：除草剂，杀虫剂。水稻、小麦均可使用。', '农资', '李先生', '13200000005', '湖北省襄阳市', '2025-03-30']
['6', '蓝莓500斤', '售一批蓝莓500斤，大果，每个大小20g，坏果率低。价格15元-20元，可面议。', '农产品', '周先生', '13200000006', '湖北省荆州市', '2025-05-13']
['7', '油菜籽1000斤', '售一批油菜籽，共1000斤，出油率高，价格优惠。', '农产品', '何先生', '13200000007', '湖北省恩施', '2025-04-20']
['8', '大白菜', '供应一批大白菜，500斤，价格1元每斤，可谈。交货时间3月9日之前。', '农产品', '郑先生', '13200000008', '湖北省天门市', '2025-04-08']
['9', '上海青', '供应优质上海青350斤，可发冷链。价格2元每斤。', '农产品', '周女士', '13200000009', '湖北省随州市', '2025-06-21']
['10', '闲置6台撒播机', '有6台撒播机可租用，用于水稻，小麦播种，150元每天。', '农资', '王女士', '13200000010', '湖北省黄石市', '2025-03-28']
['11', '赣南脐橙，大果，皮薄汁水足', '供应一批赣南脐橙，1000斤，品相好，单果重400-500克。价格优惠。', '农产品', '向女士', '13200000011', '湖北省黄冈市', '2025-05-10']
['12', '无土栽培有机蔬菜', '绿色环保工厂栽培，生产有机蔬菜，生菜，上海青，芹菜等。', '农产品', '李女士', '13200000012', '湖北省咸宁市', '2025-04-20']
['13', '甘蓝，包菜各600斤', '销售甘蓝600斤，包菜600斤，价格实惠，蔬菜新鲜刚采摘的，品相好。', '农产品', '杨先生', '13200000013', '湖北省荆门市', '2025-04-08']
['14', '水稻种子', '售水稻种子，品种：荆占1号，荆占6号，晶两优华占，荃优822。产量高，抗病性好。', '农资', '丁先生', '13200000014', '湖北省襄阳市', '2025-06-21']
['15', '供应山东红富士苹果300斤', '销售一批山东红富士苹果，共300斤，品相好，口感脆甜，价格5元每斤。', '农产品', '胡先生', '13200000015', '湖北省京山市', '2025-04-20']
['16', '售各种中药材，白术当归柴胡半夏根白芍', '本公司供应各种中药材，包括白术当归柴胡半夏板蓝根白芍，量大，价格优惠。', '农产品', '金先生', '13200000016', '湖北省武汉市', '2025-04-08']
['17', '供应山东大草莓500斤', '售一批山东大草莓，果色鲜红，新鲜无坏果，单个重约200g。', '农产品', '李旺', '13200000017', '湖北省随州市', '2025-06-21']
成功加载./demandData/supply_data.csv 中 17 个数据
生成 17 个文本节点（ID示例：1）

初始化向量存储...
加载已有索引...

存储验证结果：
DocStore记录数：14
示例节点ID：1
索引加载耗时：0.25s

初始化数据...
['1', '中欧回程，俄罗斯舒沙雷发往中国吴家山', '中欧回程，俄罗斯舒沙雷发往中国吴家山', '农产品', '张先生', '13200000001', '湖北省咸宁市', '2025-04-10']
['2', '中欧回程，俄罗斯鄂木斯克-东发往中国吴家山', '中欧回程，俄罗斯鄂木斯克-东发往中国吴家山', '农产品', '王先生', '13200000002', '湖北省潜江市', '2025-05-12']
['3', '中欧回程，俄罗斯乌利坎发往中国吴家山', '中欧回程，俄罗斯乌利坎发往中国吴家山', '农产品', '赵先生', '13200000003', '湖北省武汉市', '2025-06-09']
['4', '中欧回程，俄罗斯伊吉尔马发往中国吴家山', '中欧回程，俄罗斯伊吉尔马发往中国吴家山', '农产品', '钱先生', '13200000004', '湖北省荆门市', '2025-03-30']
['5', '中欧回程，俄罗斯普拉夫金斯克发往中国吴家山', '中欧回程，俄罗斯普拉夫金斯克发往中国吴家山', '农资', '李先生', '13200000005', '湖北省襄阳市', '2025-05-13']
['6', '中欧回程，俄罗斯巴古利纳亚发往中国吴家山', '中欧回程，俄罗斯巴古利纳亚发往中国吴家山', '农产品', '周先生', '13200000006', '湖北省荆州市', '2025-04-20']
['7', '中欧回程，俄罗斯卡拉布拉发往中国吴家山', '中欧回程，俄罗斯卡拉布拉发往中国吴家山', '农产品', '何先生', '13200000007', '湖北省恩施', '2025-04-08']
['8', '中欧回程，俄罗斯曼图罗沃发往中国吴家山', '中欧回程，俄罗斯曼图罗沃发往中国吴家山', '农产品', '郑先生', '13200000008', '湖北省天门市', '2025-06-21']
['9', '中欧回程，俄罗斯布洛奇纳亚发往中国吴家山', '中欧回程，俄罗斯布洛奇纳亚发往中国吴家山', '农产品', '周女士', '13200000009', '湖北省随州市', '2025-03-28']
['10', '中欧回程，俄罗斯伊尼亚-东发往中国吴家山', '中欧回程，俄罗斯伊尼亚-东发往中国吴家山', '农资', '王女士', '13200000010', '湖北省黄石市', '2025-05-10']
['11', '300吨货物运输', '承运总量300t 货物运输，煤炭类货物，不含有危险品，公路运输优先，麻烦上门自提，从武汉市运往黄石市', '农产品', '向女士', '13200000011', '湖北省黄冈市', '2025-04-20']
['12', '阳逻港至芜湖港', '阳逻港至芜湖港（CY-CY），20GP*4 ，28T/柜。', '农产品', '李女士', '13200000012', '湖北省咸宁市', '2025-04-08']
['13', '中欧回程，俄罗斯阿利亚比耶沃发往中国吴家山', '中欧回程，俄罗斯阿利亚比耶沃发往中国吴家山', '农产品', '杨先生', '13200000013', '湖北省荆门市', '2025-06-21']
['14', '中欧回程，俄罗斯阿利亚比耶沃发往中国吴家山', '中欧回程，俄罗斯阿利亚比耶沃发往中国吴家山', '农资', '丁先生', '13200000014', '湖北省襄阳市', '2025-04-20']
['15', '中欧回程，俄罗斯波洛伊发往中国吴家山', '中欧回程，俄罗斯波洛伊发往中国吴家山', '农产品', '胡先生', '13200000015', '湖北省京山市', '2025-04-08']
['16', '中欧回程，俄罗斯伊萨科戈尔卡发往中国吴家山', '中欧回程，俄罗斯伊萨科戈尔卡发往中国吴家山', '农产品', '金先生', '13200000016', '湖北省武汉市', '2025-06-21']
['17', '中欧回程，俄罗斯小维舍拉发往中国吴家山', '中欧回程，俄罗斯小维舍拉发往中国吴家山', '农产品', '李旺', '13200000017', '湖北省随州市', '2025-06-21']
成功加载./demandData/wuliu_data.csv 中 17 个数据
生成 17 个文本节点（ID示例：1）

初始化向量存储...
加载已有索引...

存储验证结果：
DocStore记录数：14
示例节点ID：1
索引加载耗时：0.01s

初始化数据...
['1', '20吨小麦初加工', '20吨小麦初加工', '农产品', '张先生', '13200000001', '湖北省咸宁市', '2025-04-03']
['2', '水稻深加工', '深加工是在初加工的基础上，进一步加工农产品，制造出更多的衍生品。例如，将粮食加工成面粉后，可以进一步制成各种面食；水果可以加工成果汁、果干等；蔬菜可以制成罐头、腌制品等。', '农产品', '王先生', '13200000002', '湖北省潜江市', '2025-04-10']
['3', '水稻\u200c副产物综合利用加工', '这类加工主要是利用农产品加工过程中产生的副产物进行再利用。例如，稻壳、米糠、菜皮、渣果等可以通过技术处理，用于制作饲料、生物肥料等，实现资源的综合利用。', '农产品', '赵先生', '13200000003', '湖北省武汉市', '2025-05-12']
['4', '面粉加工', '100顿小麦加工成面粉', '农产品', '钱先生', '13200000004', '湖北省荆门市', '2025-06-09']
['5', '粉条加工', '100斤红薯粉加工成粉条', '农资', '李先生', '13200000005', '湖北省襄阳市', '2025-03-30']
['6', '蔬菜加工', '加工腌菜，萝卜，大头菜等', '农产品', '周先生', '13200000006', '湖北省荆州市', '2025-05-13']
['7', '水果罐头加工', '加工水果罐头，橘子桃子罐头等', '农产品', '何先生', '13200000007', '湖北省恩施', '2025-04-20']
['8', '果汁加工', '加工果汁，包括橙汁，桃汁，芒果汁等', '农产品', '郑先生', '13200000008', '湖北省天门市', '2025-04-08']
['9', '干果蔬加工', '加工干果蔬，胡萝卜干，香蕉干，橘子干等', '农产品', '周女士', '13200000009', '湖北省随州市', '2025-06-21']
['10', '谷子初加工', '稻谷脱壳，烘干等加工', '农资', '王女士', '13200000010', '湖北省黄石市', '2025-03-28']
['11', '玉米加工', '玉米脱粒，烘干', '农产品', '向女士', '13200000011', '湖北省黄冈市', '2025-05-10']
['12', '制作腌菜', '本工厂可制作各种腌菜，包括白菜，萝卜，大头菜等', '农产品', '李女士', '13200000012', '湖北省咸宁市', '2025-04-20']
成功加载./demandData/jiagong_data.csv 中 12 个数据
生成 12 个文本节点（ID示例：1）

初始化向量存储...
加载已有索引...

存储验证结果：
DocStore记录数：14
示例节点ID：1
索引加载耗时：0.01s

初始化数据...
['1', '担保融资', '公司目前需要年度周转资金约1亿元，如可用于扩展销售渠道，降低资金成本，希望资金成本可低于3.86%，如有意向可详谈。', '农产品', '张先生', '13200000001', '湖北省咸宁市', '2025-03-05']
['2', '成品货物抵押融资', '销售端账期平均3个月，采购和销售存在账期差，此外库存压货也会带来资金周转需求，年周转资金约需5000多万元。周转资金一半需通过贷款解决。目前贷款利息平均4%以上，希望能维持在4%及以下，办理流程便利，时效性高。', '农产品', '王先生', '13200000002', '湖北省潜江市', '2025-04-10']
['3', '100万设备升级贷款', '100万设备升级贷款，购置胶印机、柔印机、数字印刷设备等。', '农产品', '赵先生', '13200000003', '湖北省武汉市', '2025-05-12']
['4', '金融需求', '我公司资金贷款需求主要用于：扩大生产与市场拓展：支持新项目投资、生产线扩建或市场营销活动，抢占市场份额', '农产品', '钱先生', '13200000004', '湖北省荆门市', '2025-06-09']
['5', '50万农业贷款', '50万农业贷款，银行或金融机构为油菜种植户提供的专项贷款，用于支持种植、收购、加工等环节。', '农资', '李先生', '13200000005', '湖北省襄阳市', '2025-03-30']
['6', '科技创新贷4000万', '新能源汽车是实现“双碳”目标的重要抓手，公司将电动化与智能化的深度融合作为企业转型升级的主要方向，未来将加速替代传统燃油车，推动能源结构转型。通过惠企贴息贷款，一是用于企业向新能源汽车转型升级经营发展和创新过程中的流动资金补充和研发资金补充；二是支自主品牌新能源汽车出口，目标是海外销售额占总销售额的10%；同时科技创新贷也可以让企业更好地规划资金使用，推动新能源汽车产业的快速发展，实现经济效益与社会效益的双赢。', '农产品', '周先生', '13200000006', '湖北省荆州市', '2025-05-13']
['7', '资金需求200万元', '用于购买原材料及资金周转，需要融资200万元，有抵押', '农资', '何先生', '13200000007', '湖北省恩施', '2025-04-20']
['8', '资金需求1000万元', '我公司资金贷款需求主要用于：扩大生产与市场拓展：支持新项目投资、生产线扩建或市场营销活动，抢占市场份额', '技术', '郑先生', '13200000008', '湖北省天门市', '2025-04-08']
['9', '流动资金需求500万元', '生产经营需要，贷款500万元用于购买设备，资金周转', '农产品', '周女士', '13200000009', '湖北省随州市', '2025-06-21']
['10', '电器设备科创研发融资', '初创期，天使投资1000万以内', '农资', '王女士', '13200000010', '湖北省黄石市', '2025-03-28']
成功加载./demandData/jinrong_data.csv 中 10 个数据
生成 10 个文本节点（ID示例：1）

初始化向量存储...
加载已有索引...

存储验证结果：
DocStore记录数：14
示例节点ID：1
索引加载耗时：0.01s

初始化数据...
['1', '资金，软件开发人才', '本企业需要资金，专业技术性人才，价格面议', '技术', '张先生', '13200000001', '湖北省咸宁市', '2025-03-19']
['2', '纵向保护功能PCB需求', '采用集成纵向过流保护功能的PCB设计，通过独特的模组连接技术，在实现常规电池采集功能的同时，嵌入并联电路保护机制——当某电芯异常引发环流充电风险时，PCB可精准切断1-2A微小故障电流，避免安全风险。', '技术', '王先生', '13200000002', '湖北省潜江市', '2025-04-10']
['3', '背部肌肉酸痛智能分区检测与自适应按摩调节系统', '检测到人体背部不同部位的肌肉酸痛程度，用于提供给按摩设备设置不同的按摩方式', '技术', '赵先生', '13200000003', '湖北省武汉市', '2025-05-12']
['4', '道地中药材的粗加工和精深加工技术', '公司致力于道地中药材的现代化加工技术研发，现寻求专业的粗加工与精深加工技术解决方案。需求涵盖中药材采收后的初级处理工艺，包括清洗、干燥、切制等环节的标准化操作流程，要求能够最大程度保留药材有效成分，', '技术', '钱先生', '13200000004', '湖北省荆门市', '2025-06-09']
['5', '花卉苗木病虫害防控技术', '针对花卉苗木种植过程中的病虫害防控难题，公司寻求先进的生物防治与智能监测技术。', '技术', '李先生', '13200000005', '湖北省襄阳市', '2025-03-30']
['6', '林下养鸡等养殖技术支持', '公司寻求林下养鸡等特色养殖领域的技术支持，重点解决生态养殖模式中的关键技术难题。需要具备以下专业能力：林下养殖环境优化技术，包括林地分区规划、鸡舍选址与建设方案，能够有效提升林地利用率；', '技术', '周先生', '13200000006', '湖北省荆州市', '2025-05-13']
['7', '中药材种植技术支持', '寻找中药材种植技术支持专家，为公司转型向中药材产业发展提供专业指导', '技术', '何先生', '13200000007', '湖北省恩施', '2025-04-20']
['8', '酒窖智能化改造', '希望对名人酒窖进行智能化升级改造，开发线上管理系统', '技术', '郑先生', '13200000008', '湖北省天门市', '2025-04-08']
['9', '中药渣处理、再利用需求', '希望通过技术处理，降低药渣处理成本，实现废物再利用', '技术', '周女士', '13200000009', '湖北省随州市', '2025-06-21']
['10', '铁路信息化系统研发单位人工智能的研发', '构建高效数据分析平台，提升数据处理速度与质量；开发智能数据挖掘算法，挖掘用户行为数据，优化产品推荐与个性化服务。', '技术', '王女士', '13200000010', '湖北省黄石市', '2025-03-28']
['11', '自动驾驶调度监控后台', '利用通信网络将车端、路端传感器捕获的全部数据传输到服务器,结合驾驶任务在控制系统后台计算中心形成最优路线部署，并通过控制台下发指令到车端控制器，统筹运行。', '技术', '向女士', '13200000011', '湖北省黄冈市', '2025-05-10']
['12', '智慧园区综合管理系统', '通过多模块系统分工细化，实现对于园区设备、建筑等的一体化监控、控制服务，即时化、快速化响应，提升园区的信息化管理水平，实现良好的运维，掌握各系统的实时运行状态及健康状况，故障能够及时维修、提前处理，从而保障园区的长期高效运行。', '技术', '李女士', '13200000012', '湖北省咸宁市', '2025-04-20']
['13', '智慧农业管理系统和农业大数据平台的对接应用', '公司需要实现智慧农业管理系统与农业大数据平台的无缝对接，构建一个完整的农业生产数据闭环系统。该系统需具备实时数据采集、智能分析、精准决策三大核心功能，覆盖从田间管理到市场预测的全产业链应用场景。', '技术', '杨先生', '13200000013', '湖北省荆门市', '2025-05-10']
['14', '有机水稻病虫害防治技术', '针对有机水稻种植过程中的病虫害防治挑战，寻求创新性的技术解决方案。该方案需符合有机农业标准，摒弃化学农药使用，通过生态调控和生物防治手段实现病虫害的有效管理。', '技术', '丁先生', '13200000014', '湖北省襄阳市', '2025-04-20']
成功加载./demandData/jishu_data.csv 中 14 个数据
生成 14 个文本节点（ID示例：1）

初始化向量存储...
加载已有索引...

存储验证结果：
DocStore记录数：14
示例节点ID：1
索引加载耗时：0.01s
 * Serving Flask app 'ragDemand'
 * Debug mode: off
[31m[1mWARNING: This is a development server. Do not use it in a production deployment. Use a production WSGI server instead.[0m
 * Running on all addresses (0.0.0.0)
 * Running on http://127.0.0.1:5000
 * Running on http://10.0.0.22:5000
[33mPress CTRL+C to quit[0m
10.0.1.8 - - [20/Mar/2025 09:38:32] "POST /AIquery HTTP/1.1" 200 -
10.0.1.8 - - [20/Mar/2025 09:45:12] "[33mGET / HTTP/1.1[0m" 404 -
111.46.77.32 - - [20/Mar/2025 09:45:50] "OPTIONS /AIquery HTTP/1.1" 200 -
111.46.77.32 - - [20/Mar/2025 09:52:40] "OPTIONS /AIquery HTTP/1.1" 200 -
111.46.77.32 - - [20/Mar/2025 09:53:24] "OPTIONS /AIquery HTTP/1.1" 200 -
111.46.77.32 - - [20/Mar/2025 09:54:00] "OPTIONS /AIquery HTTP/1.1" 200 -
111.46.77.32 - - [20/Mar/2025 09:55:00] "OPTIONS /AIquery HTTP/1.1" 200 -
111.46.77.32 - - [20/Mar/2025 09:56:30] "OPTIONS /AIquery HTTP/1.1" 200 -
